C51 COMPILER V9.01   KEYBOARD                                                              06/18/2024 19:03:12 PAGE 1   


C51 COMPILER V9.01, COMPILATION OF MODULE KEYBOARD
OBJECT MODULE PLACED IN keyboard.OBJ
COMPILER INVOKED BY: D:\下载\百度云\1. KEILC51软件\C51\BIN\C51.EXE keyboard.c BROWSE DEBUG OBJECTEXTEND

line level    source

   1          #include "reg52.h"
   2          #include "keyboard.h"
   3          
   4          #define Key   P1           
   5          
   6          code unsigned char KeyValueL[]={0xf7,0xfb,0xfd,0xfe};
   7          code unsigned char KeyValueH[]={0x70,0xb0,0xd0,0xe0};
   8          //code unsigned char KeyValueH[]={0xf7,0xfb,0xfd,0xfe};
   9          //code unsigned char KeyValueL[]={0x70,0xb0,0xd0,0xe0};
  10          
  11          void KeyDelay(unsigned char xms)
  12          {
  13   1        unsigned char i;
  14   1        while(xms--)
  15   1        {
  16   2          for(i=0; i<120; i++);
  17   2        }
  18   1      }
  19          unsigned char keycan(void)       //按键扫描
  20          {
  21   1        unsigned char i,j;
  22   1        unsigned char tmp;
  23   1        Key=0xf0;
  24   1        if(Key!=0xf0)
  25   1        {
  26   2          KeyDelay(10);
  27   2          if(Key!=0xf0)
  28   2          {
  29   3            for(i=0; i<4; i++)
  30   3            {
  31   4              Key=KeyValueL[i];
  32   4              for(j=0; j<4; j++)
  33   4              {
  34   5                if((Key&0xf0)==KeyValueH[j])
  35   5                {
  36   6                  tmp=i+j*4;
  37   6                  while(Key!=KeyValueL[i]);
  38   6                  return tmp;
  39   6                }
  40   5              }
  41   4            }
  42   3          }
  43   2        }
  44   1        return 0xff;
  45   1      }


MODULE INFORMATION:   STATIC OVERLAYABLE
   CODE SIZE        =     91    ----
   CONSTANT SIZE    =      8    ----
   XDATA SIZE       =   ----    ----
   PDATA SIZE       =   ----    ----
   DATA SIZE        =   ----    ----
   IDATA SIZE       =   ----    ----
   BIT SIZE         =   ----    ----
C51 COMPILER V9.01   KEYBOARD                                                              06/18/2024 19:03:12 PAGE 2   

END OF MODULE INFORMATION.


C51 COMPILATION COMPLETE.  0 WARNING(S),  0 ERROR(S)
