C51 COMPILER V9.01   LCD1602                                                               06/18/2024 19:03:12 PAGE 1   


C51 COMPILER V9.01, COMPILATION OF MODULE LCD1602
OBJECT MODULE PLACED IN lcd1602.OBJ
COMPILER INVOKED BY: D:\下载\百度云\1. KEILC51软件\C51\BIN\C51.EXE lcd1602.c BROWSE DEBUG OBJECTEXTEND

line level    source

   1          #include <reg52.h>
   2          #include <intrins.h>
   3          
   4          sbit LCD_RW = P2^5;
   5          sbit LCD_RS= P2^6;
   6          sbit LCD_E = P2^7;
   7          
   8          #define LCD_DATA P0
   9          
  10          static void LCD_Delay(unsigned char ms)           //延时函数
  11          {
  12   1        unsigned char i;
  13   1        while(ms--)
  14   1        {
  15   2          for(i = 0; i< 250; i++)
  16   2          {
  17   3            _nop_();
  18   3            _nop_();
  19   3            _nop_();
  20   3            _nop_();
  21   3          }
  22   2        }
  23   1      }
  24          
  25          bit LCD_Busy()
  26          {
  27   1        bit result;
  28   1        LCD_RS = 0;
  29   1        LCD_RW = 1;
  30   1        LCD_E = 1;
  31   1        _nop_();
  32   1        _nop_();
  33   1        _nop_();
  34   1        _nop_();
  35   1        result = (bit)(LCD_DATA & 0x80);
  36   1        LCD_E = 0;
  37   1        return result;
  38   1      }
  39          
  40          void LCD_WriteCmd(unsigned char cmd)  //LCD1602写命令
  41          {
  42   1        while(LCD_Busy());
  43   1        LCD_RS = 0;
  44   1        LCD_RW = 0;
  45   1        LCD_E = 0;
  46   1        _nop_();
  47   1        _nop_();
  48   1        LCD_DATA = cmd;
  49   1        _nop_();
  50   1        _nop_();
  51   1        _nop_();
  52   1        _nop_();
  53   1        LCD_E = 1;
  54   1        _nop_();
  55   1        _nop_();
C51 COMPILER V9.01   LCD1602                                                               06/18/2024 19:03:12 PAGE 2   

  56   1        _nop_();
  57   1        _nop_();
  58   1        LCD_E = 0;
  59   1      }
  60          
  61          void LCD_Pos(unsigned char row,unsigned char pos)
  62          {
  63   1        row &= 0x1;
  64   1        pos &= 0xF;
  65   1        if (row) pos |= 0x40;
  66   1        LCD_WriteCmd(pos | 0x80);
  67   1      }
  68          
  69          void LCD_WriteDat(unsigned char dat) //写数据
  70          {
  71   1        while(LCD_Busy());
  72   1        LCD_RS = 1;
  73   1        LCD_RW = 0;
  74   1        LCD_E = 0;
  75   1        LCD_DATA = dat;
  76   1        _nop_();
  77   1        _nop_();
  78   1        _nop_();
  79   1        _nop_();
  80   1        LCD_E = 1;
  81   1        _nop_();
  82   1        _nop_();
  83   1        _nop_();
  84   1        _nop_();
  85   1        LCD_E = 0;
  86   1      }
  87          
  88          void LCD_ShowStr(unsigned char x, unsigned char y, unsigned char *dat)    //写字符串
  89          {
  90   1        unsigned char i=0;
  91   1        LCD_Pos(y,x);
  92   1        while(dat[i] != '\0')
  93   1        {
  94   2          LCD_WriteDat(dat[i]);
  95   2          i++;
  96   2        }
  97   1      }
  98          
  99          void LCD_Init(void)                     //LCD1602显示
 100          {
 101   1        LCD_WriteCmd(0x38);
 102   1        LCD_Delay(1);
 103   1        LCD_WriteCmd(0x0c);
 104   1        LCD_Delay(1);
 105   1        LCD_WriteCmd(0x06);
 106   1        LCD_Delay(1);
 107   1        LCD_WriteCmd(0x01);
 108   1        LCD_Delay(1);
 109   1      }


MODULE INFORMATION:   STATIC OVERLAYABLE
   CODE SIZE        =    194    ----
   CONSTANT SIZE    =   ----    ----
   XDATA SIZE       =   ----    ----
   PDATA SIZE       =   ----    ----
   DATA SIZE        =   ----       3
C51 COMPILER V9.01   LCD1602                                                               06/18/2024 19:03:12 PAGE 3   

   IDATA SIZE       =   ----    ----
   BIT SIZE         =   ----       1
END OF MODULE INFORMATION.


C51 COMPILATION COMPLETE.  0 WARNING(S),  0 ERROR(S)
